

Microchip MPLAB XC8 Assembler V2.40 build 20220703182018 
                                                                                               Mon Sep 05 10:03:09 2022

Microchip MPLAB XC8 C Compiler v2.40 (Free license) build 20220703182018 Og1 
     1                           	processor	18F4550
     2                           	fnconf	rparam,??,?,0
     3                           	pagewidth 120
     4                           	opt	flic
     5                           	psect	cinit,global,reloc=2,class=CODE,delta=1
     6                           	psect	cstackCOMRAM,global,class=COMRAM,space=1,delta=1,lowdata,noexec
     7                           	psect	text0,global,reloc=2,class=CODE,delta=1
     8                           	psect	intsave_regs,global,class=BIGRAM,space=1,delta=1,noexec
     9                           	psect	rparam,global,class=COMRAM,space=1,delta=1,noexec
    10                           	psect	idloc,global,abs,ovrld,class=IDLOC,space=5,delta=1,noexec
    11                           	psect	config,global,abs,ovrld,class=CONFIG,space=4,delta=1,noexec
    12   000000                     
    13                           ; Version 2.40
    14                           ; Generated 17/11/2021 GMT
    15                           ; 
    16                           ; Copyright © 2021, Microchip Technology Inc. and its subsidiaries ("Microchip")
    17                           ; All rights reserved.
    18                           ; 
    19                           ; This software is developed by Microchip Technology Inc. and its subsidiaries ("Microch
      +                          ip").
    20                           ; 
    21                           ; Redistribution and use in source and binary forms, with or without modification, are
    22                           ; permitted provided that the following conditions are met:
    23                           ; 
    24                           ;     1. Redistributions of source code must retain the above copyright notice, this lis
      +                          t of
    25                           ;        conditions and the following disclaimer.
    26                           ; 
    27                           ;     2. Redistributions in binary form must reproduce the above copyright notice, this 
      +                          list
    28                           ;        of conditions and the following disclaimer in the documentation and/or other
    29                           ;        materials provided with the distribution. Publication is not required when
    30                           ;        this file is used in an embedded application.
    31                           ; 
    32                           ;     3. Microchip's name may not be used to endorse or promote products derived from th
      +                          is
    33                           ;        software without specific prior written permission.
    34                           ; 
    35                           ; THIS SOFTWARE IS PROVIDED BY MICROCHIP "AS IS" AND ANY EXPRESS OR IMPLIED WARRANTIES,
    36                           ; INCLUDING, BUT NOT LIMITED TO, THE IMPLIED WARRANTIES OF MERCHANTABILITY AND FITNESS F
      +                          OR
    37                           ; PURPOSE ARE DISCLAIMED.  IN NO EVENT SHALL MICROCHIP BE LIABLE FOR ANY DIRECT, INDIREC
      +                          T,
    38                           ; INCIDENTAL, SPECIAL, EXEMPLARY, OR CONSEQUENTIAL DAMAGES (INCLUDING BUT NOT LIMITED TO
    39                           ; PROCUREMENT OF SUBSTITUTE GOODS OR SERVICES; LOSS OF USE, DATA OR PROFITS; OR BUSINESS
    40                           ; INTERRUPTION) HOWSOEVER CAUSED AND ON ANY THEORY OF LIABILITY, WHETHER IN CONTRACT, ST
      +                          RICT
    41                           ; LIABILITY, OR TORT (INCLUDING NEGLIGENCE OR OTHERWISE) ARISING IN ANY WAY OUT OF THE U
      +                          SE OF
    42                           ; THIS SOFTWARE, EVEN IF ADVISED OF THE POSSIBILITY OF SUCH DAMAGE.
    43                           ; 
    44                           ; 
    45                           ; Code-generator required, PIC18F4550 Definitions
    46                           ; 
    47                           ; SFR Addresses
    48   000000                     _LATB	set	3978
    49   000000                     _TRISB	set	3987
    50   000000                     _ADCON1	set	4033
    51                           
    52                           ; #config settings
    53                           
    54                           	psect	cinit
    55   007D06                     __pcinit:
    56                           	callstack 0
    57   007D06                     start_initialization:
    58                           	callstack 0
    59   007D06                     __initialization:
    60                           	callstack 0
    61   007D06                     end_of_initialization:
    62                           	callstack 0
    63   007D06                     __end_of__initialization:
    64                           	callstack 0
    65   007D06  0100               	movlb	0
    66   007D08  EF86  F03E         	goto	_main	;jump to C main() function
    67                           
    68                           	psect	cstackCOMRAM
    69   000001                     __pcstackCOMRAM:
    70                           	callstack 0
    71   000001                     ??_main:
    72                           
    73                           ; 1 bytes @ 0x0
    74   000001                     	ds	2
    75   000003                     main@suma:
    76                           	callstack 0
    77                           
    78                           ; 1 bytes @ 0x2
    79   000003                     	ds	1
    80                           
    81 ;;
    82 ;;Main: autosize = 0, tempsize = 2, incstack = 0, save=0
    83 ;;
    84 ;; *************** function _main *****************
    85 ;; Defined at:
    86 ;;		line 68 in file "sumador.c"
    87 ;; Parameters:    Size  Location     Type
    88 ;;		None
    89 ;; Auto vars:     Size  Location     Type
    90 ;;  suma            1    2[COMRAM] unsigned char 
    91 ;; Return value:  Size  Location     Type
    92 ;;                  1    wreg      void 
    93 ;; Registers used:
    94 ;;		wreg, status,2, status,0
    95 ;; Tracked objects:
    96 ;;		On entry : 0/0
    97 ;;		On exit  : 0/0
    98 ;;		Unchanged: 0/0
    99 ;; Data sizes:     COMRAM   BANK0   BANK1   BANK2   BANK3   BANK4   BANK5   BANK6   BANK7
   100 ;;      Params:         0       0       0       0       0       0       0       0       0
   101 ;;      Locals:         1       0       0       0       0       0       0       0       0
   102 ;;      Temps:          2       0       0       0       0       0       0       0       0
   103 ;;      Totals:         3       0       0       0       0       0       0       0       0
   104 ;;Total ram usage:        3 bytes
   105 ;; This function calls:
   106 ;;		Nothing
   107 ;; This function is called by:
   108 ;;		Startup code after reset
   109 ;; This function uses a non-reentrant model
   110 ;;
   111                           
   112                           	psect	text0
   113   007D0C                     __ptext0:
   114                           	callstack 0
   115   007D0C                     _main:
   116                           	callstack 31
   117   007D0C                     
   118                           ;sumador.c: 69:     ADCON1 = 0x0F;
   119   007D0C  0E0F               	movlw	15
   120   007D0E  6EC1               	movwf	193,c	;volatile
   121   007D10                     
   122                           ;sumador.c: 71:     TRISB = 0xFF;
   123   007D10  6893               	setf	147,c	;volatile
   124                           
   125                           ;sumador.c: 72:     LATB = 0x00;
   126   007D12  0E00               	movlw	0
   127   007D14  6E8A               	movwf	138,c	;volatile
   128                           
   129                           ;sumador.c: 74:     char suma = 0;
   130   007D16  0E00               	movlw	0
   131   007D18  6E03               	movwf	main@suma^0,c
   132   007D1A                     l696:
   133                           
   134                           ;sumador.c: 77:     {;sumador.c: 78:         LATB = suma;
   135   007D1A  C003  FF8A         	movff	main@suma,3978	;volatile
   136   007D1E                     
   137                           ;sumador.c: 79:         _delay((unsigned long)((200)*(4000000/4000.0)));
   138   007D1E  0E02               	movlw	2
   139   007D20  6E02               	movwf	(??_main+1)^0,c
   140   007D22  0E04               	movlw	4
   141   007D24  6E01               	movwf	??_main^0,c
   142   007D26  0EBA               	movlw	186
   143   007D28                     u17:
   144   007D28  2EE8               	decfsz	wreg,f,c
   145   007D2A  D7FE               	bra	u17
   146   007D2C  2E01               	decfsz	??_main^0,f,c
   147   007D2E  D7FC               	bra	u17
   148   007D30  2E02               	decfsz	(??_main+1)^0,f,c
   149   007D32  D7FA               	bra	u17
   150   007D34  D000               	nop2	
   151   007D36                     
   152                           ;sumador.c: 80:         suma++;
   153   007D36  2A03               	incf	main@suma^0,f,c
   154   007D38  EF8D  F03E         	goto	l696
   155   007D3C  EF01  F000         	goto	start
   156   007D40                     __end_of_main:
   157                           	callstack 0
   158   000000                     
   159                           	psect	rparam
   160   000000                     
   161                           	psect	idloc
   162                           
   163                           ;Config register IDLOC0 @ 0x200000
   164                           ;	unspecified, using default values
   165   200000                     	org	2097152
   166   200000  FF                 	db	255
   167                           
   168                           ;Config register IDLOC1 @ 0x200001
   169                           ;	unspecified, using default values
   170   200001                     	org	2097153
   171   200001  FF                 	db	255
   172                           
   173                           ;Config register IDLOC2 @ 0x200002
   174                           ;	unspecified, using default values
   175   200002                     	org	2097154
   176   200002  FF                 	db	255
   177                           
   178                           ;Config register IDLOC3 @ 0x200003
   179                           ;	unspecified, using default values
   180   200003                     	org	2097155
   181   200003  FF                 	db	255
   182                           
   183                           ;Config register IDLOC4 @ 0x200004
   184                           ;	unspecified, using default values
   185   200004                     	org	2097156
   186   200004  FF                 	db	255
   187                           
   188                           ;Config register IDLOC5 @ 0x200005
   189                           ;	unspecified, using default values
   190   200005                     	org	2097157
   191   200005  FF                 	db	255
   192                           
   193                           ;Config register IDLOC6 @ 0x200006
   194                           ;	unspecified, using default values
   195   200006                     	org	2097158
   196   200006  FF                 	db	255
   197                           
   198                           ;Config register IDLOC7 @ 0x200007
   199                           ;	unspecified, using default values
   200   200007                     	org	2097159
   201   200007  FF                 	db	255
   202                           
   203                           	psect	config
   204                           
   205                           ;Config register CONFIG1L @ 0x300000
   206                           ;	PLL Prescaler Selection bits
   207                           ;	PLLDIV = 1, No prescale (4 MHz oscillator input drives PLL directly)
   208                           ;	System Clock Postscaler Selection bits
   209                           ;	CPUDIV = OSC1_PLL2, [Primary Oscillator Src: /1][96 MHz PLL Src: /2]
   210                           ;	USB Clock Selection bit (used in Full-Speed USB mode only; UCFG:FSEN = 1)
   211                           ;	USBDIV = 1, USB clock source comes directly from the primary oscillator block with no 
      +                          postscale
   212   300000                     	org	3145728
   213   300000  00                 	db	0
   214                           
   215                           ;Config register CONFIG1H @ 0x300001
   216                           ;	Oscillator Selection bits
   217                           ;	FOSC = EC_EC, EC oscillator, CLKO function on RA6 (EC)
   218                           ;	Fail-Safe Clock Monitor Enable bit
   219                           ;	FCMEN = OFF, Fail-Safe Clock Monitor disabled
   220                           ;	Internal/External Oscillator Switchover bit
   221                           ;	IESO = OFF, Oscillator Switchover mode disabled
   222   300001                     	org	3145729
   223   300001  05                 	db	5
   224                           
   225                           ;Config register CONFIG2L @ 0x300002
   226                           ;	Power-up Timer Enable bit
   227                           ;	PWRT = OFF, PWRT disabled
   228                           ;	Brown-out Reset Enable bits
   229                           ;	BOR = ON, Brown-out Reset enabled in hardware only (SBOREN is disabled)
   230                           ;	Brown-out Reset Voltage bits
   231                           ;	BORV = 3, Minimum setting 2.05V
   232                           ;	USB Voltage Regulator Enable bit
   233                           ;	VREGEN = OFF, USB voltage regulator disabled
   234   300002                     	org	3145730
   235   300002  1F                 	db	31
   236                           
   237                           ;Config register CONFIG2H @ 0x300003
   238                           ;	Watchdog Timer Enable bit
   239                           ;	WDT = OFF, WDT disabled (control is placed on the SWDTEN bit)
   240                           ;	Watchdog Timer Postscale Select bits
   241                           ;	WDTPS = 32768, 1:32768
   242   300003                     	org	3145731
   243   300003  1E                 	db	30
   244                           
   245                           ; Padding undefined space
   246   300004                     	org	3145732
   247   300004  FF                 	db	255
   248                           
   249                           ;Config register CONFIG3H @ 0x300005
   250                           ;	CCP2 MUX bit
   251                           ;	CCP2MX = ON, CCP2 input/output is multiplexed with RC1
   252                           ;	PORTB A/D Enable bit
   253                           ;	PBADEN = ON, PORTB<4:0> pins are configured as analog input channels on Reset
   254                           ;	Low-Power Timer 1 Oscillator Enable bit
   255                           ;	LPT1OSC = OFF, Timer1 configured for higher power operation
   256                           ;	MCLR Pin Enable bit
   257                           ;	MCLRE = ON, MCLR pin enabled; RE3 input pin disabled
   258   300005                     	org	3145733
   259   300005  83                 	db	131
   260                           
   261                           ;Config register CONFIG4L @ 0x300006
   262                           ;	Stack Full/Underflow Reset Enable bit
   263                           ;	STVREN = ON, Stack full/underflow will cause Reset
   264                           ;	Single-Supply ICSP Enable bit
   265                           ;	LVP = ON, Single-Supply ICSP enabled
   266                           ;	Dedicated In-Circuit Debug/Programming Port (ICPORT) Enable bit
   267                           ;	ICPRT = OFF, ICPORT disabled
   268                           ;	Extended Instruction Set Enable bit
   269                           ;	XINST = OFF, Instruction set extension and Indexed Addressing mode disabled (Legacy mo
      +                          de)
   270                           ;	Background Debugger Enable bit
   271                           ;	DEBUG = 0x1, unprogrammed default
   272   300006                     	org	3145734
   273   300006  85                 	db	133
   274                           
   275                           ; Padding undefined space
   276   300007                     	org	3145735
   277   300007  FF                 	db	255
   278                           
   279                           ;Config register CONFIG5L @ 0x300008
   280                           ;	Code Protection bit
   281                           ;	CP0 = OFF, Block 0 (000800-001FFFh) is not code-protected
   282                           ;	Code Protection bit
   283                           ;	CP1 = OFF, Block 1 (002000-003FFFh) is not code-protected
   284                           ;	Code Protection bit
   285                           ;	CP2 = OFF, Block 2 (004000-005FFFh) is not code-protected
   286                           ;	Code Protection bit
   287                           ;	CP3 = OFF, Block 3 (006000-007FFFh) is not code-protected
   288   300008                     	org	3145736
   289   300008  0F                 	db	15
   290                           
   291                           ;Config register CONFIG5H @ 0x300009
   292                           ;	Boot Block Code Protection bit
   293                           ;	CPB = OFF, Boot block (000000-0007FFh) is not code-protected
   294                           ;	Data EEPROM Code Protection bit
   295                           ;	CPD = OFF, Data EEPROM is not code-protected
   296   300009                     	org	3145737
   297   300009  C0                 	db	192
   298                           
   299                           ;Config register CONFIG6L @ 0x30000A
   300                           ;	Write Protection bit
   301                           ;	WRT0 = OFF, Block 0 (000800-001FFFh) is not write-protected
   302                           ;	Write Protection bit
   303                           ;	WRT1 = OFF, Block 1 (002000-003FFFh) is not write-protected
   304                           ;	Write Protection bit
   305                           ;	WRT2 = OFF, Block 2 (004000-005FFFh) is not write-protected
   306                           ;	Write Protection bit
   307                           ;	WRT3 = OFF, Block 3 (006000-007FFFh) is not write-protected
   308   30000A                     	org	3145738
   309   30000A  0F                 	db	15
   310                           
   311                           ;Config register CONFIG6H @ 0x30000B
   312                           ;	Configuration Register Write Protection bit
   313                           ;	WRTC = OFF, Configuration registers (300000-3000FFh) are not write-protected
   314                           ;	Boot Block Write Protection bit
   315                           ;	WRTB = OFF, Boot block (000000-0007FFh) is not write-protected
   316                           ;	Data EEPROM Write Protection bit
   317                           ;	WRTD = OFF, Data EEPROM is not write-protected
   318   30000B                     	org	3145739
   319   30000B  E0                 	db	224
   320                           
   321                           ;Config register CONFIG7L @ 0x30000C
   322                           ;	Table Read Protection bit
   323                           ;	EBTR0 = OFF, Block 0 (000800-001FFFh) is not protected from table reads executed in ot
      +                          her blocks
   324                           ;	Table Read Protection bit
   325                           ;	EBTR1 = OFF, Block 1 (002000-003FFFh) is not protected from table reads executed in ot
      +                          her blocks
   326                           ;	Table Read Protection bit
   327                           ;	EBTR2 = OFF, Block 2 (004000-005FFFh) is not protected from table reads executed in ot
      +                          her blocks
   328                           ;	Table Read Protection bit
   329                           ;	EBTR3 = OFF, Block 3 (006000-007FFFh) is not protected from table reads executed in ot
      +                          her blocks
   330   30000C                     	org	3145740
   331   30000C  0F                 	db	15
   332                           
   333                           ;Config register CONFIG7H @ 0x30000D
   334                           ;	Boot Block Table Read Protection bit
   335                           ;	EBTRB = OFF, Boot block (000000-0007FFh) is not protected from table reads executed in
      +                           other blocks
   336   30000D                     	org	3145741
   337   30000D  40                 	db	64
   338                           tosu	equ	0xFFF
   339                           tosh	equ	0xFFE
   340                           tosl	equ	0xFFD
   341                           stkptr	equ	0xFFC
   342                           pclatu	equ	0xFFB
   343                           pclath	equ	0xFFA
   344                           pcl	equ	0xFF9
   345                           tblptru	equ	0xFF8
   346                           tblptrh	equ	0xFF7
   347                           tblptrl	equ	0xFF6
   348                           tablat	equ	0xFF5
   349                           prodh	equ	0xFF4
   350                           prodl	equ	0xFF3
   351                           indf0	equ	0xFEF
   352                           postinc0	equ	0xFEE
   353                           postdec0	equ	0xFED
   354                           preinc0	equ	0xFEC
   355                           plusw0	equ	0xFEB
   356                           fsr0h	equ	0xFEA
   357                           fsr0l	equ	0xFE9
   358                           wreg	equ	0xFE8
   359                           indf1	equ	0xFE7
   360                           postinc1	equ	0xFE6
   361                           postdec1	equ	0xFE5
   362                           preinc1	equ	0xFE4
   363                           plusw1	equ	0xFE3
   364                           fsr1h	equ	0xFE2
   365                           fsr1l	equ	0xFE1
   366                           bsr	equ	0xFE0
   367                           indf2	equ	0xFDF
   368                           postinc2	equ	0xFDE
   369                           postdec2	equ	0xFDD
   370                           preinc2	equ	0xFDC
   371                           plusw2	equ	0xFDB
   372                           fsr2h	equ	0xFDA
   373                           fsr2l	equ	0xFD9
   374                           status	equ	0xFD8

Data Sizes:
    Strings     0
    Constant    0
    Data        0
    BSS         0
    Persistent  0
    Stack       0

Auto Spaces:
    Space          Size  Autos    Used
    COMRAM           95      3       3
    BANK0           160      0       0
    BANK1           256      0       0
    BANK2           256      0       0
    BANK3           239      0       0
    BANK4           256      0       0
    BANK5           256      0       0
    BANK6           256      0       0
    BANK7           256      0       0

Pointer List with Targets:

    None.

Critical Paths under _main in COMRAM

    None.

Critical Paths under _main in BANK0

    None.

Critical Paths under _main in BANK1

    None.

Critical Paths under _main in BANK2

    None.

Critical Paths under _main in BANK3

    None.

Critical Paths under _main in BANK4

    None.

Critical Paths under _main in BANK5

    None.

Critical Paths under _main in BANK6

    None.

Critical Paths under _main in BANK7

    None.

Call Graph Tables:

 ---------------------------------------------------------------------------------
 (Depth) Function   	        Calls       Base Space   Used Autos Params    Refs
 ---------------------------------------------------------------------------------
 (0) _main                                                 3     3      0      15
                                              0 COMRAM     3     3      0
 ---------------------------------------------------------------------------------
 Estimated maximum stack depth 0
 ---------------------------------------------------------------------------------

 Call Graph Graphs:

 _main (ROOT)

 Address spaces:
Name               Size   Autos  Total    Cost      Usage
BITCOMRAM           5F      0       0       0        0.0%
EEDATA             100      0       0       0        0.0%
NULL                 0      0       0       0        0.0%
CODE                 0      0       0       0        0.0%
COMRAM              5F      3       3       1        3.2%
STACK                0      0       0       2        0.0%
BITBANK0            A0      0       0       3        0.0%
BANK0               A0      0       0       4        0.0%
BITBANK1           100      0       0       5        0.0%
BANK1              100      0       0       6        0.0%
BITBANK2           100      0       0       7        0.0%
BANK2              100      0       0       8        0.0%
BITBANK3            EF      0       0       9        0.0%
BANK3               EF      0       0      10        0.0%
BITBANK4           100      0       0      11        0.0%
BANK4              100      0       0      12        0.0%
BITBANK5           100      0       0      13        0.0%
BANK5              100      0       0      14        0.0%
BITBANK6           100      0       0      15        0.0%
BANK6              100      0       0      16        0.0%
BITBANK7           100      0       0      17        0.0%
BANK7              100      0       0      18        0.0%
BITBIGSFR_5          C      0       0      19        0.0%
BITBIGSFR_4          3      0       0      20        0.0%
BITBIGSFR_3          3      0       0      21        0.0%
BITBIGSFR_2          6      0       0      22        0.0%
BITBIGSFR_1h        12      0       0      23        0.0%
BITBIGSFR_1l        24      0       0      24        0.0%
BITBIGSFRh           8      0       0      25        0.0%
BITBIGSFRlh          8      0       0      26        0.0%
BITBIGSFRll         2A      0       0      27        0.0%
ABS                  0      0       0      28        0.0%
BIGRAM_1           400      0       0      29        0.0%
BIGRAM             3EE      0       0      30        0.0%
DATA                 0      0       0      31        0.0%
BIGSFR_5             0      0       0     200        0.0%
BIGSFR_4             0      0       0     200        0.0%
BIGSFR_3             0      0       0     200        0.0%
BIGSFR_2             0      0       0     200        0.0%
BIGSFR_1             0      0       0     200        0.0%
BIGSFR               0      0       0     200        0.0%
BITSFR_5             0      0       0     200        0.0%
SFR_5                0      0       0     200        0.0%
BITSFR_4             0      0       0     200        0.0%
SFR_4                0      0       0     200        0.0%
BITSFR_3             0      0       0     200        0.0%
SFR_3                0      0       0     200        0.0%
BITSFR_2             0      0       0     200        0.0%
SFR_2                0      0       0     200        0.0%
BITSFR_1             0      0       0     200        0.0%
SFR_1                0      0       0     200        0.0%
BITSFR               0      0       0     200        0.0%
SFR                  0      0       0     200        0.0%


Microchip Technology PIC18 Macro Assembler V2.40 build 20220703182018 
Symbol Table                                                                                   Mon Sep 05 10:03:09 2022

                     u17 7D28                      l700 7D36                      l692 7D0C  
                    l694 7D10                      l696 7D1A                      l698 7D1E  
                    wreg 000FE8                     _LATB 000F8A                     _main 7D0C  
                   start 0002             ___param_bank 000000                    ?_main 0001  
                  _TRISB 000F93          __initialization 7D06             __end_of_main 7D40  
                 ??_main 0001            __activetblptr 000000                   _ADCON1 000FC1  
                 isa$std 000001               __accesstop 0060  __end_of__initialization 7D06  
          ___rparam_used 000001           __pcstackCOMRAM 0001                  __Hparam 0000  
                __Lparam 0000                  __pcinit 7D06                  __ramtop 0800  
                __ptext0 7D0C     end_of_initialization 7D06      start_initialization 7D06  
               __Hrparam 0000                 __Lrparam 0000                 isa$xinst 000000  
               main@suma 0003  
