

Microchip MPLAB XC8 Assembler V2.40 build 20220703182018 
                                                                                               Thu Sep 01 20:26:06 2022

Microchip MPLAB XC8 C Compiler v2.40 (Free license) build 20220703182018 Og1 
     1                           	processor	18F4550
     2                           	fnconf	rparam,??,?,0
     3                           	pagewidth 120
     4                           	opt	flic
     5                           	psect	cinit,global,reloc=2,class=CODE,delta=1
     6                           	psect	cstackCOMRAM,global,class=COMRAM,space=1,delta=1,lowdata,noexec
     7                           	psect	text0,global,reloc=2,class=CODE,delta=1
     8                           	psect	intsave_regs,global,class=BIGRAM,space=1,delta=1,noexec
     9                           	psect	rparam,global,class=COMRAM,space=1,delta=1,noexec
    10                           	psect	idloc,global,abs,ovrld,class=IDLOC,space=5,delta=1,noexec
    11                           	psect	config,global,abs,ovrld,class=CONFIG,space=4,delta=1,noexec
    12   000000                     
    13                           ; Version 2.40
    14                           ; Generated 17/11/2021 GMT
    15                           ; 
    16                           ; Copyright © 2021, Microchip Technology Inc. and its subsidiaries ("Microchip")
    17                           ; All rights reserved.
    18                           ; 
    19                           ; This software is developed by Microchip Technology Inc. and its subsidiaries ("Microch
      +                          ip").
    20                           ; 
    21                           ; Redistribution and use in source and binary forms, with or without modification, are
    22                           ; permitted provided that the following conditions are met:
    23                           ; 
    24                           ;     1. Redistributions of source code must retain the above copyright notice, this lis
      +                          t of
    25                           ;        conditions and the following disclaimer.
    26                           ; 
    27                           ;     2. Redistributions in binary form must reproduce the above copyright notice, this 
      +                          list
    28                           ;        of conditions and the following disclaimer in the documentation and/or other
    29                           ;        materials provided with the distribution. Publication is not required when
    30                           ;        this file is used in an embedded application.
    31                           ; 
    32                           ;     3. Microchip's name may not be used to endorse or promote products derived from th
      +                          is
    33                           ;        software without specific prior written permission.
    34                           ; 
    35                           ; THIS SOFTWARE IS PROVIDED BY MICROCHIP "AS IS" AND ANY EXPRESS OR IMPLIED WARRANTIES,
    36                           ; INCLUDING, BUT NOT LIMITED TO, THE IMPLIED WARRANTIES OF MERCHANTABILITY AND FITNESS F
      +                          OR
    37                           ; PURPOSE ARE DISCLAIMED.  IN NO EVENT SHALL MICROCHIP BE LIABLE FOR ANY DIRECT, INDIREC
      +                          T,
    38                           ; INCIDENTAL, SPECIAL, EXEMPLARY, OR CONSEQUENTIAL DAMAGES (INCLUDING BUT NOT LIMITED TO
    39                           ; PROCUREMENT OF SUBSTITUTE GOODS OR SERVICES; LOSS OF USE, DATA OR PROFITS; OR BUSINESS
    40                           ; INTERRUPTION) HOWSOEVER CAUSED AND ON ANY THEORY OF LIABILITY, WHETHER IN CONTRACT, ST
      +                          RICT
    41                           ; LIABILITY, OR TORT (INCLUDING NEGLIGENCE OR OTHERWISE) ARISING IN ANY WAY OUT OF THE U
      +                          SE OF
    42                           ; THIS SOFTWARE, EVEN IF ADVISED OF THE POSSIBILITY OF SUCH DAMAGE.
    43                           ; 
    44                           ; 
    45                           ; Code-generator required, PIC18F4550 Definitions
    46                           ; 
    47                           ; SFR Addresses
    48   000000                     _LATB	set	3978
    49   000000                     _TRISB	set	3987
    50   000000                     _ADCON1	set	4033
    51                           
    52                           ; #config settings
    53                           
    54                           	psect	cinit
    55   007FB2                     __pcinit:
    56                           	callstack 0
    57   007FB2                     start_initialization:
    58                           	callstack 0
    59   007FB2                     __initialization:
    60                           	callstack 0
    61   007FB2                     end_of_initialization:
    62                           	callstack 0
    63   007FB2                     __end_of__initialization:
    64                           	callstack 0
    65   007FB2  0100               	movlb	0
    66   007FB4  EFDC  F03F         	goto	_main	;jump to C main() function
    67                           
    68                           	psect	cstackCOMRAM
    69   000001                     __pcstackCOMRAM:
    70                           	callstack 0
    71   000001                     ??_main:
    72                           
    73                           ; 1 bytes @ 0x0
    74   000001                     	ds	2
    75   000003                     main@suma:
    76                           	callstack 0
    77                           
    78                           ; 1 bytes @ 0x2
    79   000003                     	ds	1
    80                           
    81 ;;
    82 ;;Main: autosize = 0, tempsize = 2, incstack = 0, save=0
    83 ;;
    84 ;; *************** function _main *****************
    85 ;; Defined at:
    86 ;;		line 68 in file "Sesion2.c"
    87 ;; Parameters:    Size  Location     Type
    88 ;;		None
    89 ;; Auto vars:     Size  Location     Type
    90 ;;  suma            1    2[COMRAM] unsigned char 
    91 ;; Return value:  Size  Location     Type
    92 ;;                  1    wreg      void 
    93 ;; Registers used:
    94 ;;		wreg, status,2, status,0
    95 ;; Tracked objects:
    96 ;;		On entry : 0/0
    97 ;;		On exit  : 0/0
    98 ;;		Unchanged: 0/0
    99 ;; Data sizes:     COMRAM   BANK0   BANK1   BANK2   BANK3   BANK4   BANK5   BANK6   BANK7
   100 ;;      Params:         0       0       0       0       0       0       0       0       0
   101 ;;      Locals:         1       0       0       0       0       0       0       0       0
   102 ;;      Temps:          2       0       0       0       0       0       0       0       0
   103 ;;      Totals:         3       0       0       0       0       0       0       0       0
   104 ;;Total ram usage:        3 bytes
   105 ;; This function calls:
   106 ;;		Nothing
   107 ;; This function is called by:
   108 ;;		Startup code after reset
   109 ;; This function uses a non-reentrant model
   110 ;;
   111                           
   112                           	psect	text0
   113   007FB8                     __ptext0:
   114                           	callstack 0
   115   007FB8                     _main:
   116                           	callstack 31
   117   007FB8                     
   118                           ;Sesion2.c: 70:     ADCON1 = 0x0F;
   119   007FB8  0E0F               	movlw	15
   120   007FBA  6EC1               	movwf	193,c	;volatile
   121                           
   122                           ;Sesion2.c: 72:     TRISB = 0x00;
   123   007FBC  0E00               	movlw	0
   124   007FBE  6E93               	movwf	147,c	;volatile
   125                           
   126                           ;Sesion2.c: 73:     LATB = 0x00;
   127   007FC0  0E00               	movlw	0
   128   007FC2  6E8A               	movwf	138,c	;volatile
   129                           
   130                           ;Sesion2.c: 75:     char suma = 0;
   131   007FC4  0E00               	movlw	0
   132   007FC6  6E03               	movwf	main@suma^0,c
   133   007FC8                     l695:
   134                           
   135                           ;Sesion2.c: 79:         LATB = suma;
   136   007FC8  C003  FF8A         	movff	main@suma,3978	;volatile
   137   007FCC                     
   138                           ;Sesion2.c: 80:         suma++;
   139   007FCC  2A03               	incf	main@suma^0,f,c
   140   007FCE                     
   141                           ;Sesion2.c: 81:         _delay((unsigned long)((200)*(48000000/4000.0)));
   142   007FCE  0E0D               	movlw	13
   143   007FD0  6E02               	movwf	(??_main+1)^0,c
   144   007FD2  0E2D               	movlw	45
   145   007FD4  6E01               	movwf	??_main^0,c
   146   007FD6  0ED8               	movlw	216
   147   007FD8                     u27:
   148   007FD8  2EE8               	decfsz	wreg,f,c
   149   007FDA  D7FE               	bra	u27
   150   007FDC  2E01               	decfsz	??_main^0,f,c
   151   007FDE  D7FC               	bra	u27
   152   007FE0  2E02               	decfsz	(??_main+1)^0,f,c
   153   007FE2  D7FA               	bra	u27
   154   007FE4                     
   155                           ;Sesion2.c: 83:         if (suma >= 8){
   156   007FE4  0E07               	movlw	7
   157   007FE6  6403               	cpfsgt	main@suma^0,c
   158   007FE8  EFF8  F03F         	goto	u11
   159   007FEC  EFFA  F03F         	goto	u10
   160   007FF0                     u11:
   161   007FF0  EFE4  F03F         	goto	l695
   162   007FF4                     u10:
   163   007FF4                     
   164                           ;Sesion2.c: 84:             suma = 0;
   165   007FF4  0E00               	movlw	0
   166   007FF6  6E03               	movwf	main@suma^0,c
   167   007FF8  EFE4  F03F         	goto	l695
   168   007FFC  EF00  F000         	goto	start
   169   008000                     __end_of_main:
   170                           	callstack 0
   171   000000                     
   172                           	psect	rparam
   173   000000                     
   174                           	psect	idloc
   175                           
   176                           ;Config register IDLOC0 @ 0x200000
   177                           ;	unspecified, using default values
   178   200000                     	org	2097152
   179   200000  FF                 	db	255
   180                           
   181                           ;Config register IDLOC1 @ 0x200001
   182                           ;	unspecified, using default values
   183   200001                     	org	2097153
   184   200001  FF                 	db	255
   185                           
   186                           ;Config register IDLOC2 @ 0x200002
   187                           ;	unspecified, using default values
   188   200002                     	org	2097154
   189   200002  FF                 	db	255
   190                           
   191                           ;Config register IDLOC3 @ 0x200003
   192                           ;	unspecified, using default values
   193   200003                     	org	2097155
   194   200003  FF                 	db	255
   195                           
   196                           ;Config register IDLOC4 @ 0x200004
   197                           ;	unspecified, using default values
   198   200004                     	org	2097156
   199   200004  FF                 	db	255
   200                           
   201                           ;Config register IDLOC5 @ 0x200005
   202                           ;	unspecified, using default values
   203   200005                     	org	2097157
   204   200005  FF                 	db	255
   205                           
   206                           ;Config register IDLOC6 @ 0x200006
   207                           ;	unspecified, using default values
   208   200006                     	org	2097158
   209   200006  FF                 	db	255
   210                           
   211                           ;Config register IDLOC7 @ 0x200007
   212                           ;	unspecified, using default values
   213   200007                     	org	2097159
   214   200007  FF                 	db	255
   215                           
   216                           	psect	config
   217                           
   218                           ;Config register CONFIG1L @ 0x300000
   219                           ;	PLL Prescaler Selection bits
   220                           ;	PLLDIV = 2, Divide by 2 (8 MHz oscillator input)
   221                           ;	System Clock Postscaler Selection bits
   222                           ;	CPUDIV = OSC1_PLL2, [Primary Oscillator Src: /1][96 MHz PLL Src: /2]
   223                           ;	USB Clock Selection bit (used in Full-Speed USB mode only; UCFG:FSEN = 1)
   224                           ;	USBDIV = 1, USB clock source comes directly from the primary oscillator block with no 
      +                          postscale
   225   300000                     	org	3145728
   226   300000  01                 	db	1
   227                           
   228                           ;Config register CONFIG1H @ 0x300001
   229                           ;	Oscillator Selection bits
   230                           ;	FOSC = EC_EC, EC oscillator, CLKO function on RA6 (EC)
   231                           ;	Fail-Safe Clock Monitor Enable bit
   232                           ;	FCMEN = OFF, Fail-Safe Clock Monitor disabled
   233                           ;	Internal/External Oscillator Switchover bit
   234                           ;	IESO = OFF, Oscillator Switchover mode disabled
   235   300001                     	org	3145729
   236   300001  05                 	db	5
   237                           
   238                           ;Config register CONFIG2L @ 0x300002
   239                           ;	Power-up Timer Enable bit
   240                           ;	PWRT = OFF, PWRT disabled
   241                           ;	Brown-out Reset Enable bits
   242                           ;	BOR = ON, Brown-out Reset enabled in hardware only (SBOREN is disabled)
   243                           ;	Brown-out Reset Voltage bits
   244                           ;	BORV = 3, Minimum setting 2.05V
   245                           ;	USB Voltage Regulator Enable bit
   246                           ;	VREGEN = OFF, USB voltage regulator disabled
   247   300002                     	org	3145730
   248   300002  1F                 	db	31
   249                           
   250                           ;Config register CONFIG2H @ 0x300003
   251                           ;	Watchdog Timer Enable bit
   252                           ;	WDT = OFF, WDT disabled (control is placed on the SWDTEN bit)
   253                           ;	Watchdog Timer Postscale Select bits
   254                           ;	WDTPS = 32768, 1:32768
   255   300003                     	org	3145731
   256   300003  1E                 	db	30
   257                           
   258                           ; Padding undefined space
   259   300004                     	org	3145732
   260   300004  FF                 	db	255
   261                           
   262                           ;Config register CONFIG3H @ 0x300005
   263                           ;	CCP2 MUX bit
   264                           ;	CCP2MX = ON, CCP2 input/output is multiplexed with RC1
   265                           ;	PORTB A/D Enable bit
   266                           ;	PBADEN = ON, PORTB<4:0> pins are configured as analog input channels on Reset
   267                           ;	Low-Power Timer 1 Oscillator Enable bit
   268                           ;	LPT1OSC = OFF, Timer1 configured for higher power operation
   269                           ;	MCLR Pin Enable bit
   270                           ;	MCLRE = ON, MCLR pin enabled; RE3 input pin disabled
   271   300005                     	org	3145733
   272   300005  83                 	db	131
   273                           
   274                           ;Config register CONFIG4L @ 0x300006
   275                           ;	Stack Full/Underflow Reset Enable bit
   276                           ;	STVREN = ON, Stack full/underflow will cause Reset
   277                           ;	Single-Supply ICSP Enable bit
   278                           ;	LVP = ON, Single-Supply ICSP enabled
   279                           ;	Dedicated In-Circuit Debug/Programming Port (ICPORT) Enable bit
   280                           ;	ICPRT = OFF, ICPORT disabled
   281                           ;	Extended Instruction Set Enable bit
   282                           ;	XINST = OFF, Instruction set extension and Indexed Addressing mode disabled (Legacy mo
      +                          de)
   283                           ;	Background Debugger Enable bit
   284                           ;	DEBUG = 0x1, unprogrammed default
   285   300006                     	org	3145734
   286   300006  85                 	db	133
   287                           
   288                           ; Padding undefined space
   289   300007                     	org	3145735
   290   300007  FF                 	db	255
   291                           
   292                           ;Config register CONFIG5L @ 0x300008
   293                           ;	Code Protection bit
   294                           ;	CP0 = OFF, Block 0 (000800-001FFFh) is not code-protected
   295                           ;	Code Protection bit
   296                           ;	CP1 = OFF, Block 1 (002000-003FFFh) is not code-protected
   297                           ;	Code Protection bit
   298                           ;	CP2 = OFF, Block 2 (004000-005FFFh) is not code-protected
   299                           ;	Code Protection bit
   300                           ;	CP3 = OFF, Block 3 (006000-007FFFh) is not code-protected
   301   300008                     	org	3145736
   302   300008  0F                 	db	15
   303                           
   304                           ;Config register CONFIG5H @ 0x300009
   305                           ;	Boot Block Code Protection bit
   306                           ;	CPB = OFF, Boot block (000000-0007FFh) is not code-protected
   307                           ;	Data EEPROM Code Protection bit
   308                           ;	CPD = OFF, Data EEPROM is not code-protected
   309   300009                     	org	3145737
   310   300009  C0                 	db	192
   311                           
   312                           ;Config register CONFIG6L @ 0x30000A
   313                           ;	Write Protection bit
   314                           ;	WRT0 = OFF, Block 0 (000800-001FFFh) is not write-protected
   315                           ;	Write Protection bit
   316                           ;	WRT1 = OFF, Block 1 (002000-003FFFh) is not write-protected
   317                           ;	Write Protection bit
   318                           ;	WRT2 = OFF, Block 2 (004000-005FFFh) is not write-protected
   319                           ;	Write Protection bit
   320                           ;	WRT3 = OFF, Block 3 (006000-007FFFh) is not write-protected
   321   30000A                     	org	3145738
   322   30000A  0F                 	db	15
   323                           
   324                           ;Config register CONFIG6H @ 0x30000B
   325                           ;	Configuration Register Write Protection bit
   326                           ;	WRTC = OFF, Configuration registers (300000-3000FFh) are not write-protected
   327                           ;	Boot Block Write Protection bit
   328                           ;	WRTB = OFF, Boot block (000000-0007FFh) is not write-protected
   329                           ;	Data EEPROM Write Protection bit
   330                           ;	WRTD = OFF, Data EEPROM is not write-protected
   331   30000B                     	org	3145739
   332   30000B  E0                 	db	224
   333                           
   334                           ;Config register CONFIG7L @ 0x30000C
   335                           ;	Table Read Protection bit
   336                           ;	EBTR0 = OFF, Block 0 (000800-001FFFh) is not protected from table reads executed in ot
      +                          her blocks
   337                           ;	Table Read Protection bit
   338                           ;	EBTR1 = OFF, Block 1 (002000-003FFFh) is not protected from table reads executed in ot
      +                          her blocks
   339                           ;	Table Read Protection bit
   340                           ;	EBTR2 = OFF, Block 2 (004000-005FFFh) is not protected from table reads executed in ot
      +                          her blocks
   341                           ;	Table Read Protection bit
   342                           ;	EBTR3 = OFF, Block 3 (006000-007FFFh) is not protected from table reads executed in ot
      +                          her blocks
   343   30000C                     	org	3145740
   344   30000C  0F                 	db	15
   345                           
   346                           ;Config register CONFIG7H @ 0x30000D
   347                           ;	Boot Block Table Read Protection bit
   348                           ;	EBTRB = OFF, Boot block (000000-0007FFh) is not protected from table reads executed in
      +                           other blocks
   349   30000D                     	org	3145741
   350   30000D  40                 	db	64
   351                           tosu	equ	0xFFF
   352                           tosh	equ	0xFFE
   353                           tosl	equ	0xFFD
   354                           stkptr	equ	0xFFC
   355                           pclatu	equ	0xFFB
   356                           pclath	equ	0xFFA
   357                           pcl	equ	0xFF9
   358                           tblptru	equ	0xFF8
   359                           tblptrh	equ	0xFF7
   360                           tblptrl	equ	0xFF6
   361                           tablat	equ	0xFF5
   362                           prodh	equ	0xFF4
   363                           prodl	equ	0xFF3
   364                           indf0	equ	0xFEF
   365                           postinc0	equ	0xFEE
   366                           postdec0	equ	0xFED
   367                           preinc0	equ	0xFEC
   368                           plusw0	equ	0xFEB
   369                           fsr0h	equ	0xFEA
   370                           fsr0l	equ	0xFE9
   371                           wreg	equ	0xFE8
   372                           indf1	equ	0xFE7
   373                           postinc1	equ	0xFE6
   374                           postdec1	equ	0xFE5
   375                           preinc1	equ	0xFE4
   376                           plusw1	equ	0xFE3
   377                           fsr1h	equ	0xFE2
   378                           fsr1l	equ	0xFE1
   379                           bsr	equ	0xFE0
   380                           indf2	equ	0xFDF
   381                           postinc2	equ	0xFDE
   382                           postdec2	equ	0xFDD
   383                           preinc2	equ	0xFDC
   384                           plusw2	equ	0xFDB
   385                           fsr2h	equ	0xFDA
   386                           fsr2l	equ	0xFD9
   387                           status	equ	0xFD8

Data Sizes:
    Strings     0
    Constant    0
    Data        0
    BSS         0
    Persistent  0
    Stack       0

Auto Spaces:
    Space          Size  Autos    Used
    COMRAM           95      3       3
    BANK0           160      0       0
    BANK1           256      0       0
    BANK2           256      0       0
    BANK3           256      0       0
    BANK4           256      0       0
    BANK5           256      0       0
    BANK6           256      0       0
    BANK7           256      0       0

Pointer List with Targets:

    None.

Critical Paths under _main in COMRAM

    None.

Critical Paths under _main in BANK0

    None.

Critical Paths under _main in BANK1

    None.

Critical Paths under _main in BANK2

    None.

Critical Paths under _main in BANK3

    None.

Critical Paths under _main in BANK4

    None.

Critical Paths under _main in BANK5

    None.

Critical Paths under _main in BANK6

    None.

Critical Paths under _main in BANK7

    None.

Call Graph Tables:

 ---------------------------------------------------------------------------------
 (Depth) Function   	        Calls       Base Space   Used Autos Params    Refs
 ---------------------------------------------------------------------------------
 (0) _main                                                 3     3      0      30
                                              0 COMRAM     3     3      0
 ---------------------------------------------------------------------------------
 Estimated maximum stack depth 0
 ---------------------------------------------------------------------------------

 Call Graph Graphs:

 _main (ROOT)

 Address spaces:
Name               Size   Autos  Total    Cost      Usage
BITCOMRAM           5F      0       0       0        0.0%
EEDATA             100      0       0       0        0.0%
NULL                 0      0       0       0        0.0%
CODE                 0      0       0       0        0.0%
COMRAM              5F      3       3       1        3.2%
STACK                0      0       0       2        0.0%
DATA                 0      0       0       3        0.0%
BITBANK0            A0      0       0       4        0.0%
BANK0               A0      0       0       5        0.0%
BITBANK1           100      0       0       6        0.0%
BANK1              100      0       0       7        0.0%
BITBANK2           100      0       0       8        0.0%
BANK2              100      0       0       9        0.0%
BITBANK3           100      0       0      10        0.0%
BANK3              100      0       0      11        0.0%
BITBANK4           100      0       0      12        0.0%
BANK4              100      0       0      13        0.0%
BITBANK5           100      0       0      14        0.0%
BANK5              100      0       0      15        0.0%
BITBANK6           100      0       0      16        0.0%
BANK6              100      0       0      17        0.0%
BITBANK7           100      0       0      18        0.0%
BANK7              100      0       0      19        0.0%
BITBIGSFRh          3E      0       0      20        0.0%
BITBIGSFRlh         2D      0       0      21        0.0%
BITBIGSFRllh         8      0       0      22        0.0%
BITBIGSFRlll        2A      0       0      23        0.0%
ABS                  0      0       0      24        0.0%
BIGRAM             7FF      0       0      25        0.0%
BIGSFR               0      0       0     200        0.0%
BITSFR               0      0       0     200        0.0%
SFR                  0      0       0     200        0.0%


Microchip Technology PIC18 Macro Assembler V2.40 build 20220703182018 
Symbol Table                                                                                   Thu Sep 01 20:26:06 2022

                     u10 7FF4                       u11 7FF0                       u27 7FD8  
                    l701 7FE4                      l703 7FF4                      l693 7FB8  
                    l695 7FC8                      l697 7FCC                      l699 7FCE  
                    wreg 000FE8                     _LATB 000F8A                     _main 7FB8  
                   start 0000             ___param_bank 000000                    ?_main 0001  
                  _TRISB 000F93          __initialization 7FB2             __end_of_main 8000  
                 ??_main 0001            __activetblptr 000000                   _ADCON1 000FC1  
                 isa$std 000001               __accesstop 0060  __end_of__initialization 7FB2  
          ___rparam_used 000001           __pcstackCOMRAM 0001                  __Hparam 0000  
                __Lparam 0000                  __pcinit 7FB2                  __ramtop 0800  
                __ptext0 7FB8     end_of_initialization 7FB2      start_initialization 7FB2  
               __Hrparam 0000                 __Lrparam 0000                 isa$xinst 000000  
               main@suma 0003  
