

Microchip MPLAB XC8 Assembler V2.40 build 20220703182018 
                                                                                               Fri Sep 09 10:23:26 2022

Microchip MPLAB XC8 C Compiler v2.40 (Free license) build 20220703182018 Og1 
     1                           	processor	18F4550
     2                           	fnconf	rparam,??,?,0
     3                           	pagewidth 120
     4                           	opt	flic
     5                           	psect	idataCOMRAM,global,class=CODE,delta=1,noexec
     6                           	psect	cinit,global,reloc=2,class=CODE,delta=1
     7                           	psect	dataCOMRAM,global,class=COMRAM,space=1,delta=1,lowdata,noexec
     8                           	psect	cstackCOMRAM,global,class=COMRAM,space=1,delta=1,lowdata,noexec
     9                           	psect	text0,global,reloc=2,class=CODE,delta=1
    10                           	psect	intsave_regs,global,class=BIGRAM,space=1,delta=1,noexec
    11                           	psect	rparam,global,class=COMRAM,space=1,delta=1,noexec
    12                           	psect	idloc,global,abs,ovrld,class=IDLOC,space=5,delta=1,noexec
    13                           	psect	config,global,abs,ovrld,class=CONFIG,space=4,delta=1,noexec
    14   000000                     
    15                           ; Version 2.40
    16                           ; Generated 17/11/2021 GMT
    17                           ; 
    18                           ; Copyright © 2021, Microchip Technology Inc. and its subsidiaries ("Microchip")
    19                           ; All rights reserved.
    20                           ; 
    21                           ; This software is developed by Microchip Technology Inc. and its subsidiaries ("Microch
      +                          ip").
    22                           ; 
    23                           ; Redistribution and use in source and binary forms, with or without modification, are
    24                           ; permitted provided that the following conditions are met:
    25                           ; 
    26                           ;     1. Redistributions of source code must retain the above copyright notice, this lis
      +                          t of
    27                           ;        conditions and the following disclaimer.
    28                           ; 
    29                           ;     2. Redistributions in binary form must reproduce the above copyright notice, this 
      +                          list
    30                           ;        of conditions and the following disclaimer in the documentation and/or other
    31                           ;        materials provided with the distribution. Publication is not required when
    32                           ;        this file is used in an embedded application.
    33                           ; 
    34                           ;     3. Microchip's name may not be used to endorse or promote products derived from th
      +                          is
    35                           ;        software without specific prior written permission.
    36                           ; 
    37                           ; THIS SOFTWARE IS PROVIDED BY MICROCHIP "AS IS" AND ANY EXPRESS OR IMPLIED WARRANTIES,
    38                           ; INCLUDING, BUT NOT LIMITED TO, THE IMPLIED WARRANTIES OF MERCHANTABILITY AND FITNESS F
      +                          OR
    39                           ; PURPOSE ARE DISCLAIMED.  IN NO EVENT SHALL MICROCHIP BE LIABLE FOR ANY DIRECT, INDIREC
      +                          T,
    40                           ; INCIDENTAL, SPECIAL, EXEMPLARY, OR CONSEQUENTIAL DAMAGES (INCLUDING BUT NOT LIMITED TO
    41                           ; PROCUREMENT OF SUBSTITUTE GOODS OR SERVICES; LOSS OF USE, DATA OR PROFITS; OR BUSINESS
    42                           ; INTERRUPTION) HOWSOEVER CAUSED AND ON ANY THEORY OF LIABILITY, WHETHER IN CONTRACT, ST
      +                          RICT
    43                           ; LIABILITY, OR TORT (INCLUDING NEGLIGENCE OR OTHERWISE) ARISING IN ANY WAY OUT OF THE U
      +                          SE OF
    44                           ; THIS SOFTWARE, EVEN IF ADVISED OF THE POSSIBILITY OF SUCH DAMAGE.
    45                           ; 
    46                           ; 
    47                           ; Code-generator required, PIC18F4550 Definitions
    48                           ; 
    49                           ; SFR Addresses
    50   000000                     
    51                           	psect	idataCOMRAM
    52   007F0E                     __pidataCOMRAM:
    53                           	callstack 0
    54                           
    55                           ;initializer for main@F3203
    56   007F0E  3F                 	db	63
    57   007F0F  06                 	db	6
    58   007F10  5B                 	db	91
    59   007F11  4F                 	db	79
    60   007F12  66                 	db	102
    61   007F13  6D                 	db	109
    62   007F14  7D                 	db	125
    63   007F15  07                 	db	7
    64   007F16  7F                 	db	127
    65   007F17  6F                 	db	111
    66   000000                     _PORTCbits	set	3970
    67   000000                     _LATB	set	3978
    68   000000                     _TRISB	set	3987
    69   000000                     _ADCON1	set	4033
    70   000000                     _TRISCbits	set	3988
    71   000000                     _LATC	set	3979
    72                           
    73                           ; #config settings
    74                           
    75                           	psect	cinit
    76   007F18                     __pcinit:
    77                           	callstack 0
    78   007F18                     start_initialization:
    79                           	callstack 0
    80   007F18                     __initialization:
    81                           	callstack 0
    82                           
    83                           ; Initialize objects allocated to COMRAM (10 bytes)
    84                           ; load TBLPTR registers with __pidataCOMRAM
    85   007F18  0E0E               	movlw	low __pidataCOMRAM
    86   007F1A  6EF6               	movwf	tblptrl,c
    87   007F1C  0E7F               	movlw	high __pidataCOMRAM
    88   007F1E  6EF7               	movwf	tblptrh,c
    89   007F20  0E00               	movlw	low (__pidataCOMRAM shr (0+16))
    90   007F22  6EF8               	movwf	tblptru,c
    91   007F24  EE00  F00D         	lfsr	0,__pdataCOMRAM
    92   007F28  EE10 F00A          	lfsr	1,10
    93   007F2C                     copy_data0:
    94   007F2C  0009               	tblrd		*+
    95   007F2E  CFF5 FFEE          	movff	tablat,postinc0
    96   007F32  50E5               	movf	postdec1,w,c
    97   007F34  50E1               	movf	fsr1l,w,c
    98   007F36  E1FA               	bnz	copy_data0
    99   007F38                     end_of_initialization:
   100                           	callstack 0
   101   007F38                     __end_of__initialization:
   102                           	callstack 0
   103   007F38  0100               	movlb	0
   104   007F3A  EF9F  F03F         	goto	_main	;jump to C main() function
   105                           
   106                           	psect	dataCOMRAM
   107   00000D                     __pdataCOMRAM:
   108                           	callstack 0
   109   00000D                     main@F3203:
   110                           	callstack 0
   111   00000D                     	ds	10
   112                           
   113                           	psect	cstackCOMRAM
   114   000001                     __pcstackCOMRAM:
   115                           	callstack 0
   116   000001                     ??_main:
   117                           
   118                           ; 1 bytes @ 0x0
   119   000001                     	ds	1
   120   000002                     main@numero:
   121                           	callstack 0
   122                           
   123                           ; 10 bytes @ 0x1
   124   000002                     	ds	10
   125   00000C                     main@valor:
   126                           	callstack 0
   127                           
   128                           ; 1 bytes @ 0xB
   129   00000C                     	ds	1
   130                           
   131 ;;
   132 ;;Main: autosize = 0, tempsize = 1, incstack = 0, save=0
   133 ;;
   134 ;; *************** function _main *****************
   135 ;; Defined at:
   136 ;;		line 68 in file "7Segmentos.c"
   137 ;; Parameters:    Size  Location     Type
   138 ;;		None
   139 ;; Auto vars:     Size  Location     Type
   140 ;;  numero         10    1[COMRAM] unsigned char [10]
   141 ;;  valor           1   11[COMRAM] unsigned char 
   142 ;; Return value:  Size  Location     Type
   143 ;;                  1    wreg      void 
   144 ;; Registers used:
   145 ;;		wreg, fsr1l, fsr1h, fsr2l, fsr2h, status,2, status,0
   146 ;; Tracked objects:
   147 ;;		On entry : 0/0
   148 ;;		On exit  : 0/0
   149 ;;		Unchanged: 0/0
   150 ;; Data sizes:     COMRAM   BANK0   BANK1   BANK2   BANK3   BANK4   BANK5   BANK6   BANK7
   151 ;;      Params:         0       0       0       0       0       0       0       0       0
   152 ;;      Locals:        11       0       0       0       0       0       0       0       0
   153 ;;      Temps:          1       0       0       0       0       0       0       0       0
   154 ;;      Totals:        12       0       0       0       0       0       0       0       0
   155 ;;Total ram usage:       12 bytes
   156 ;; This function calls:
   157 ;;		Nothing
   158 ;; This function is called by:
   159 ;;		Startup code after reset
   160 ;; This function uses a non-reentrant model
   161 ;;
   162                           
   163                           	psect	text0
   164   007F3E                     __ptext0:
   165                           	callstack 0
   166   007F3E                     _main:
   167                           	callstack 31
   168   007F3E  0E0F               	movlw	15
   169   007F40  6EC1               	movwf	193,c	;volatile
   170   007F42  0E00               	movlw	0
   171   007F44  6E93               	movwf	147,c	;volatile
   172   007F46  8094               	bsf	148,0,c	;volatile
   173   007F48  8294               	bsf	148,1,c	;volatile
   174   007F4A  0E00               	movlw	0
   175   007F4C  6E8A               	movwf	138,c	;volatile
   176   007F4E  0E00               	movlw	0
   177   007F50  6E8B               	movwf	139,c	;volatile
   178   007F52  0E00               	movlw	0
   179   007F54  6E0C               	movwf	main@valor^0,c
   180   007F56  EE20  F00D         	lfsr	2,main@F3203
   181   007F5A  EE10  F002         	lfsr	1,main@numero
   182   007F5E  0E09               	movlw	9
   183   007F60                     u11:
   184   007F60  CFDB FFE3          	movff	plusw2,plusw1
   185   007F64  06E8               	decf	wreg,f,c
   186   007F66  E2FC               	bc	u11
   187   007F68                     l718:
   188   007F68  A082               	btfss	130,0,c	;volatile
   189   007F6A  EFB9  F03F         	goto	u21
   190   007F6E  EFBB  F03F         	goto	u20
   191   007F72                     u21:
   192   007F72  EFD4  F03F         	goto	l728
   193   007F76                     u20:
   194   007F76                     l23:
   195   007F76  B082               	btfsc	130,0,c	;volatile
   196   007F78  EFC0  F03F         	goto	u31
   197   007F7C  EFC2  F03F         	goto	u30
   198   007F80                     u31:
   199   007F80  EFBB  F03F         	goto	l23
   200   007F84                     u30:
   201   007F84  0E9C               	movlw	156
   202   007F86  6E01               	movwf	??_main^0,c
   203   007F88  0ED7               	movlw	215
   204   007F8A                     u87:
   205   007F8A  2EE8               	decfsz	wreg,f,c
   206   007F8C  D7FE               	bra	u87
   207   007F8E  2E01               	decfsz	??_main^0,f,c
   208   007F90  D7FC               	bra	u87
   209   007F92  F000               	nop	
   210   007F94  0E09               	movlw	9
   211   007F96  600C               	cpfslt	main@valor^0,c
   212   007F98  EFD0  F03F         	goto	u41
   213   007F9C  EFD2  F03F         	goto	u40
   214   007FA0                     u41:
   215   007FA0  EFD4  F03F         	goto	l728
   216   007FA4                     u40:
   217   007FA4  280C               	incf	main@valor^0,w,c
   218   007FA6  6E0C               	movwf	main@valor^0,c
   219   007FA8                     l728:
   220   007FA8  A282               	btfss	130,1,c	;volatile
   221   007FAA  EFD9  F03F         	goto	u51
   222   007FAE  EFDB  F03F         	goto	u50
   223   007FB2                     u51:
   224   007FB2  EFF4  F03F         	goto	l738
   225   007FB6                     u50:
   226   007FB6                     l28:
   227   007FB6  B282               	btfsc	130,1,c	;volatile
   228   007FB8  EFE0  F03F         	goto	u61
   229   007FBC  EFE2  F03F         	goto	u60
   230   007FC0                     u61:
   231   007FC0  EFDB  F03F         	goto	l28
   232   007FC4                     u60:
   233   007FC4  0E9C               	movlw	156
   234   007FC6  6E01               	movwf	??_main^0,c
   235   007FC8  0ED7               	movlw	215
   236   007FCA                     u97:
   237   007FCA  2EE8               	decfsz	wreg,f,c
   238   007FCC  D7FE               	bra	u97
   239   007FCE  2E01               	decfsz	??_main^0,f,c
   240   007FD0  D7FC               	bra	u97
   241   007FD2  F000               	nop	
   242   007FD4  500C               	movf	main@valor^0,w,c
   243   007FD6  B4D8               	btfsc	status,2,c
   244   007FD8  EFF0  F03F         	goto	u71
   245   007FDC  EFF2  F03F         	goto	u70
   246   007FE0                     u71:
   247   007FE0  EFF4  F03F         	goto	l738
   248   007FE4                     u70:
   249   007FE4  040C               	decf	main@valor^0,w,c
   250   007FE6  6E0C               	movwf	main@valor^0,c
   251   007FE8                     l738:
   252   007FE8  0E02               	movlw	low main@numero
   253   007FEA  240C               	addwf	main@valor^0,w,c
   254   007FEC  6ED9               	movwf	fsr2l,c
   255   007FEE  6ADA               	clrf	fsr2h,c
   256   007FF0  0E00               	movlw	high main@numero
   257   007FF2  22DA               	addwfc	fsr2h,f,c
   258   007FF4  50DF               	movf	indf2,w,c
   259   007FF6  6E8A               	movwf	138,c	;volatile
   260   007FF8  EFB4  F03F         	goto	l718
   261   007FFC  EF00  F000         	goto	start
   262   008000                     __end_of_main:
   263                           	callstack 0
   264   000000                     
   265                           	psect	rparam
   266   000000                     
   267                           	psect	idloc
   268                           
   269                           ;Config register IDLOC0 @ 0x200000
   270                           ;	unspecified, using default values
   271   200000                     	org	2097152
   272   200000  FF                 	db	255
   273                           
   274                           ;Config register IDLOC1 @ 0x200001
   275                           ;	unspecified, using default values
   276   200001                     	org	2097153
   277   200001  FF                 	db	255
   278                           
   279                           ;Config register IDLOC2 @ 0x200002
   280                           ;	unspecified, using default values
   281   200002                     	org	2097154
   282   200002  FF                 	db	255
   283                           
   284                           ;Config register IDLOC3 @ 0x200003
   285                           ;	unspecified, using default values
   286   200003                     	org	2097155
   287   200003  FF                 	db	255
   288                           
   289                           ;Config register IDLOC4 @ 0x200004
   290                           ;	unspecified, using default values
   291   200004                     	org	2097156
   292   200004  FF                 	db	255
   293                           
   294                           ;Config register IDLOC5 @ 0x200005
   295                           ;	unspecified, using default values
   296   200005                     	org	2097157
   297   200005  FF                 	db	255
   298                           
   299                           ;Config register IDLOC6 @ 0x200006
   300                           ;	unspecified, using default values
   301   200006                     	org	2097158
   302   200006  FF                 	db	255
   303                           
   304                           ;Config register IDLOC7 @ 0x200007
   305                           ;	unspecified, using default values
   306   200007                     	org	2097159
   307   200007  FF                 	db	255
   308                           
   309                           	psect	config
   310                           
   311                           ;Config register CONFIG1L @ 0x300000
   312                           ;	PLL Prescaler Selection bits
   313                           ;	PLLDIV = 2, Divide by 2 (8 MHz oscillator input)
   314                           ;	System Clock Postscaler Selection bits
   315                           ;	CPUDIV = OSC1_PLL2, [Primary Oscillator Src: /1][96 MHz PLL Src: /2]
   316                           ;	USB Clock Selection bit (used in Full-Speed USB mode only; UCFG:FSEN = 1)
   317                           ;	USBDIV = 1, USB clock source comes directly from the primary oscillator block with no 
      +                          postscale
   318   300000                     	org	3145728
   319   300000  01                 	db	1
   320                           
   321                           ;Config register CONFIG1H @ 0x300001
   322                           ;	Oscillator Selection bits
   323                           ;	FOSC = EC_EC, EC oscillator, CLKO function on RA6 (EC)
   324                           ;	Fail-Safe Clock Monitor Enable bit
   325                           ;	FCMEN = OFF, Fail-Safe Clock Monitor disabled
   326                           ;	Internal/External Oscillator Switchover bit
   327                           ;	IESO = OFF, Oscillator Switchover mode disabled
   328   300001                     	org	3145729
   329   300001  05                 	db	5
   330                           
   331                           ;Config register CONFIG2L @ 0x300002
   332                           ;	Power-up Timer Enable bit
   333                           ;	PWRT = OFF, PWRT disabled
   334                           ;	Brown-out Reset Enable bits
   335                           ;	BOR = ON, Brown-out Reset enabled in hardware only (SBOREN is disabled)
   336                           ;	Brown-out Reset Voltage bits
   337                           ;	BORV = 3, Minimum setting 2.05V
   338                           ;	USB Voltage Regulator Enable bit
   339                           ;	VREGEN = OFF, USB voltage regulator disabled
   340   300002                     	org	3145730
   341   300002  1F                 	db	31
   342                           
   343                           ;Config register CONFIG2H @ 0x300003
   344                           ;	Watchdog Timer Enable bit
   345                           ;	WDT = OFF, WDT disabled (control is placed on the SWDTEN bit)
   346                           ;	Watchdog Timer Postscale Select bits
   347                           ;	WDTPS = 32768, 1:32768
   348   300003                     	org	3145731
   349   300003  1E                 	db	30
   350                           
   351                           ; Padding undefined space
   352   300004                     	org	3145732
   353   300004  FF                 	db	255
   354                           
   355                           ;Config register CONFIG3H @ 0x300005
   356                           ;	CCP2 MUX bit
   357                           ;	CCP2MX = ON, CCP2 input/output is multiplexed with RC1
   358                           ;	PORTB A/D Enable bit
   359                           ;	PBADEN = ON, PORTB<4:0> pins are configured as analog input channels on Reset
   360                           ;	Low-Power Timer 1 Oscillator Enable bit
   361                           ;	LPT1OSC = OFF, Timer1 configured for higher power operation
   362                           ;	MCLR Pin Enable bit
   363                           ;	MCLRE = ON, MCLR pin enabled; RE3 input pin disabled
   364   300005                     	org	3145733
   365   300005  83                 	db	131
   366                           
   367                           ;Config register CONFIG4L @ 0x300006
   368                           ;	Stack Full/Underflow Reset Enable bit
   369                           ;	STVREN = ON, Stack full/underflow will cause Reset
   370                           ;	Single-Supply ICSP Enable bit
   371                           ;	LVP = ON, Single-Supply ICSP enabled
   372                           ;	Dedicated In-Circuit Debug/Programming Port (ICPORT) Enable bit
   373                           ;	ICPRT = OFF, ICPORT disabled
   374                           ;	Extended Instruction Set Enable bit
   375                           ;	XINST = OFF, Instruction set extension and Indexed Addressing mode disabled (Legacy mo
      +                          de)
   376                           ;	Background Debugger Enable bit
   377                           ;	DEBUG = 0x1, unprogrammed default
   378   300006                     	org	3145734
   379   300006  85                 	db	133
   380                           
   381                           ; Padding undefined space
   382   300007                     	org	3145735
   383   300007  FF                 	db	255
   384                           
   385                           ;Config register CONFIG5L @ 0x300008
   386                           ;	Code Protection bit
   387                           ;	CP0 = OFF, Block 0 (000800-001FFFh) is not code-protected
   388                           ;	Code Protection bit
   389                           ;	CP1 = OFF, Block 1 (002000-003FFFh) is not code-protected
   390                           ;	Code Protection bit
   391                           ;	CP2 = OFF, Block 2 (004000-005FFFh) is not code-protected
   392                           ;	Code Protection bit
   393                           ;	CP3 = OFF, Block 3 (006000-007FFFh) is not code-protected
   394   300008                     	org	3145736
   395   300008  0F                 	db	15
   396                           
   397                           ;Config register CONFIG5H @ 0x300009
   398                           ;	Boot Block Code Protection bit
   399                           ;	CPB = OFF, Boot block (000000-0007FFh) is not code-protected
   400                           ;	Data EEPROM Code Protection bit
   401                           ;	CPD = OFF, Data EEPROM is not code-protected
   402   300009                     	org	3145737
   403   300009  C0                 	db	192
   404                           
   405                           ;Config register CONFIG6L @ 0x30000A
   406                           ;	Write Protection bit
   407                           ;	WRT0 = OFF, Block 0 (000800-001FFFh) is not write-protected
   408                           ;	Write Protection bit
   409                           ;	WRT1 = OFF, Block 1 (002000-003FFFh) is not write-protected
   410                           ;	Write Protection bit
   411                           ;	WRT2 = OFF, Block 2 (004000-005FFFh) is not write-protected
   412                           ;	Write Protection bit
   413                           ;	WRT3 = OFF, Block 3 (006000-007FFFh) is not write-protected
   414   30000A                     	org	3145738
   415   30000A  0F                 	db	15
   416                           
   417                           ;Config register CONFIG6H @ 0x30000B
   418                           ;	Configuration Register Write Protection bit
   419                           ;	WRTC = OFF, Configuration registers (300000-3000FFh) are not write-protected
   420                           ;	Boot Block Write Protection bit
   421                           ;	WRTB = OFF, Boot block (000000-0007FFh) is not write-protected
   422                           ;	Data EEPROM Write Protection bit
   423                           ;	WRTD = OFF, Data EEPROM is not write-protected
   424   30000B                     	org	3145739
   425   30000B  E0                 	db	224
   426                           
   427                           ;Config register CONFIG7L @ 0x30000C
   428                           ;	Table Read Protection bit
   429                           ;	EBTR0 = OFF, Block 0 (000800-001FFFh) is not protected from table reads executed in ot
      +                          her blocks
   430                           ;	Table Read Protection bit
   431                           ;	EBTR1 = OFF, Block 1 (002000-003FFFh) is not protected from table reads executed in ot
      +                          her blocks
   432                           ;	Table Read Protection bit
   433                           ;	EBTR2 = OFF, Block 2 (004000-005FFFh) is not protected from table reads executed in ot
      +                          her blocks
   434                           ;	Table Read Protection bit
   435                           ;	EBTR3 = OFF, Block 3 (006000-007FFFh) is not protected from table reads executed in ot
      +                          her blocks
   436   30000C                     	org	3145740
   437   30000C  0F                 	db	15
   438                           
   439                           ;Config register CONFIG7H @ 0x30000D
   440                           ;	Boot Block Table Read Protection bit
   441                           ;	EBTRB = OFF, Boot block (000000-0007FFh) is not protected from table reads executed in
      +                           other blocks
   442   30000D                     	org	3145741
   443   30000D  40                 	db	64
   444                           tosu	equ	0xFFF
   445                           tosh	equ	0xFFE
   446                           tosl	equ	0xFFD
   447                           stkptr	equ	0xFFC
   448                           pclatu	equ	0xFFB
   449                           pclath	equ	0xFFA
   450                           pcl	equ	0xFF9
   451                           tblptru	equ	0xFF8
   452                           tblptrh	equ	0xFF7
   453                           tblptrl	equ	0xFF6
   454                           tablat	equ	0xFF5
   455                           prodh	equ	0xFF4
   456                           prodl	equ	0xFF3
   457                           indf0	equ	0xFEF
   458                           postinc0	equ	0xFEE
   459                           postdec0	equ	0xFED
   460                           preinc0	equ	0xFEC
   461                           plusw0	equ	0xFEB
   462                           fsr0h	equ	0xFEA
   463                           fsr0l	equ	0xFE9
   464                           wreg	equ	0xFE8
   465                           indf1	equ	0xFE7
   466                           postinc1	equ	0xFE6
   467                           postdec1	equ	0xFE5
   468                           preinc1	equ	0xFE4
   469                           plusw1	equ	0xFE3
   470                           fsr1h	equ	0xFE2
   471                           fsr1l	equ	0xFE1
   472                           bsr	equ	0xFE0
   473                           indf2	equ	0xFDF
   474                           postinc2	equ	0xFDE
   475                           postdec2	equ	0xFDD
   476                           preinc2	equ	0xFDC
   477                           plusw2	equ	0xFDB
   478                           fsr2h	equ	0xFDA
   479                           fsr2l	equ	0xFD9
   480                           status	equ	0xFD8

Data Sizes:
    Strings     0
    Constant    0
    Data        10
    BSS         0
    Persistent  0
    Stack       0

Auto Spaces:
    Space          Size  Autos    Used
    COMRAM           95     12      22
    BANK0           160      0       0
    BANK1           256      0       0
    BANK2           256      0       0
    BANK3           256      0       0
    BANK4           256      0       0
    BANK5           256      0       0
    BANK6           256      0       0
    BANK7           256      0       0

Pointer List with Targets:

    None.

Critical Paths under _main in COMRAM

    None.

Critical Paths under _main in BANK0

    None.

Critical Paths under _main in BANK1

    None.

Critical Paths under _main in BANK2

    None.

Critical Paths under _main in BANK3

    None.

Critical Paths under _main in BANK4

    None.

Critical Paths under _main in BANK5

    None.

Critical Paths under _main in BANK6

    None.

Critical Paths under _main in BANK7

    None.

Call Graph Tables:

 ---------------------------------------------------------------------------------
 (Depth) Function   	        Calls       Base Space   Used Autos Params    Refs
 ---------------------------------------------------------------------------------
 (0) _main                                                12    12      0      90
                                              0 COMRAM    12    12      0
 ---------------------------------------------------------------------------------
 Estimated maximum stack depth 0
 ---------------------------------------------------------------------------------

 Call Graph Graphs:

 _main (ROOT)

 Address spaces:
Name               Size   Autos  Total    Cost      Usage
BIGRAM             7FF      0       0      26        0.0%
EEDATA             100      0       0       0        0.0%
BITBANK7           100      0       0      19        0.0%
BANK7              100      0       0      20        0.0%
BITBANK6           100      0       0      17        0.0%
BANK6              100      0       0      18        0.0%
BITBANK5           100      0       0      15        0.0%
BANK5              100      0       0      16        0.0%
BITBANK4           100      0       0      13        0.0%
BANK4              100      0       0      14        0.0%
BITBANK3           100      0       0      11        0.0%
BANK3              100      0       0      12        0.0%
BITBANK2           100      0       0       9        0.0%
BANK2              100      0       0      10        0.0%
BITBANK1           100      0       0       7        0.0%
BANK1              100      0       0       8        0.0%
BITBANK0            A0      0       0       5        0.0%
BANK0               A0      0       0       6        0.0%
BITCOMRAM           5F      0       0       0        0.0%
COMRAM              5F      C      16       1       23.2%
BITBIGSFRh          3E      0       0      21        0.0%
BITBIGSFRlh         2C      0       0      22        0.0%
BITBIGSFRllll       22      0       0      25        0.0%
BITBIGSFRlllh        7      0       0      24        0.0%
BITBIGSFRllh         7      0       0      23        0.0%
BIGSFR               0      0       0     200        0.0%
BITSFR               0      0       0     200        0.0%
SFR                  0      0       0     200        0.0%
STACK                0      0       0       2        0.0%
NULL                 0      0       0       0        0.0%
ABS                  0      0      16       3        0.0%
DATA                 0      0      16       4        0.0%
CODE                 0      0       0       0        0.0%


Microchip Technology PIC18 Macro Assembler V2.40 build 20220703182018 
Symbol Table                                                                                   Fri Sep 09 10:23:26 2022

                     l23 7F76                       l28 7FB6                       u11 7F60  
                     u20 7F76                       u21 7F72                       u30 7F84  
                     u31 7F80                       u40 7FA4                       u41 7FA0  
                     u50 7FB6                       u51 7FB2                       u60 7FC4  
                     u61 7FC0                       u70 7FE4                       u71 7FE0  
                     u87 7F8A                       u97 7FCA                      l710 7F3E  
                    l712 7F46                      l722 7F84                      l714 7F48  
                    l732 7FC4                      l724 7F94                      l716 7F56  
                    l734 7FD4                      l726 7FA4                      l718 7F68  
                    l736 7FE4                      l728 7FA8                      l738 7FE8  
                    wreg 000FE8                     _LATB 000F8A                     _LATC 000F8B  
                   _main 7F3E                     indf2 000FDF                     fsr1l 000FE1  
                   fsr2l 000FD9                     start 0000             ___param_bank 000000  
                  ?_main 0001                    _TRISB 000F93                    tablat 000FF5  
                  plusw1 000FE3                    plusw2 000FDB                    status 000FD8  
        __initialization 7F18             __end_of_main 8000                   ??_main 0001  
          __activetblptr 000000                   _ADCON1 000FC1                   isa$std 000001  
           __pdataCOMRAM 000D                   tblptrh 000FF7                   tblptrl 000FF6  
                 tblptru 000FF8               __accesstop 0060  __end_of__initialization 7F38  
          ___rparam_used 000001           __pcstackCOMRAM 0001                  __Hparam 0000  
                __Lparam 0000                  __pcinit 7F18                  __ramtop 0800  
                __ptext0 7F3E     end_of_initialization 7F38                  postdec1 000FE5  
                postinc0 000FEE                _PORTCbits 000F82                _TRISCbits 000F94  
             main@numero 0002            __pidataCOMRAM 7F0E      start_initialization 7F18  
              main@F3203 000D                main@valor 000C                copy_data0 7F2C  
               __Hrparam 0000                 __Lrparam 0000                 isa$xinst 000000  
