

Microchip MPLAB XC8 Assembler V2.40 build 20220703182018 
                                                                                               Sun Aug 28 00:23:48 2022

Microchip MPLAB XC8 C Compiler v2.40 (Free license) build 20220703182018 Og1 
     1                           	processor	18F4550
     2                           	fnconf	rparam,??,?,0
     3                           	pagewidth 120
     4                           	opt	flic
     5                           	psect	cinit,global,reloc=2,class=CODE,delta=1
     6                           	psect	cstackCOMRAM,global,class=COMRAM,space=1,delta=1,lowdata,noexec
     7                           	psect	text0,global,reloc=2,class=CODE,delta=1
     8                           	psect	intsave_regs,global,class=BIGRAM,space=1,delta=1,noexec
     9                           	psect	rparam,global,class=COMRAM,space=1,delta=1,noexec
    10                           	psect	idloc,global,abs,ovrld,class=IDLOC,space=5,delta=1,noexec
    11                           	psect	config,global,abs,ovrld,class=CONFIG,space=4,delta=1,noexec
    12   000000                     
    13                           ; Version 2.40
    14                           ; Generated 17/11/2021 GMT
    15                           ; 
    16                           ; Copyright © 2021, Microchip Technology Inc. and its subsidiaries ("Microchip")
    17                           ; All rights reserved.
    18                           ; 
    19                           ; This software is developed by Microchip Technology Inc. and its subsidiaries ("Microch
      +                          ip").
    20                           ; 
    21                           ; Redistribution and use in source and binary forms, with or without modification, are
    22                           ; permitted provided that the following conditions are met:
    23                           ; 
    24                           ;     1. Redistributions of source code must retain the above copyright notice, this lis
      +                          t of
    25                           ;        conditions and the following disclaimer.
    26                           ; 
    27                           ;     2. Redistributions in binary form must reproduce the above copyright notice, this 
      +                          list
    28                           ;        of conditions and the following disclaimer in the documentation and/or other
    29                           ;        materials provided with the distribution. Publication is not required when
    30                           ;        this file is used in an embedded application.
    31                           ; 
    32                           ;     3. Microchip's name may not be used to endorse or promote products derived from th
      +                          is
    33                           ;        software without specific prior written permission.
    34                           ; 
    35                           ; THIS SOFTWARE IS PROVIDED BY MICROCHIP "AS IS" AND ANY EXPRESS OR IMPLIED WARRANTIES,
    36                           ; INCLUDING, BUT NOT LIMITED TO, THE IMPLIED WARRANTIES OF MERCHANTABILITY AND FITNESS F
      +                          OR
    37                           ; PURPOSE ARE DISCLAIMED.  IN NO EVENT SHALL MICROCHIP BE LIABLE FOR ANY DIRECT, INDIREC
      +                          T,
    38                           ; INCIDENTAL, SPECIAL, EXEMPLARY, OR CONSEQUENTIAL DAMAGES (INCLUDING BUT NOT LIMITED TO
    39                           ; PROCUREMENT OF SUBSTITUTE GOODS OR SERVICES; LOSS OF USE, DATA OR PROFITS; OR BUSINESS
    40                           ; INTERRUPTION) HOWSOEVER CAUSED AND ON ANY THEORY OF LIABILITY, WHETHER IN CONTRACT, ST
      +                          RICT
    41                           ; LIABILITY, OR TORT (INCLUDING NEGLIGENCE OR OTHERWISE) ARISING IN ANY WAY OUT OF THE U
      +                          SE OF
    42                           ; THIS SOFTWARE, EVEN IF ADVISED OF THE POSSIBILITY OF SUCH DAMAGE.
    43                           ; 
    44                           ; 
    45                           ; Code-generator required, PIC18F4550 Definitions
    46                           ; 
    47                           ; SFR Addresses
    48   000000                     _LATBbits	set	3978
    49   000000                     _LATB	set	3978
    50   000000                     _TRISB	set	3987
    51   000000                     _ADCON1bits	set	4033
    52                           
    53                           ; #config settings
    54                           
    55                           	psect	cinit
    56   007FAC                     __pcinit:
    57                           	callstack 0
    58   007FAC                     start_initialization:
    59                           	callstack 0
    60   007FAC                     __initialization:
    61                           	callstack 0
    62   007FAC                     end_of_initialization:
    63                           	callstack 0
    64   007FAC                     __end_of__initialization:
    65                           	callstack 0
    66   007FAC  0100               	movlb	0
    67   007FAE  EFD9  F03F         	goto	_main	;jump to C main() function
    68                           
    69                           	psect	cstackCOMRAM
    70   000001                     __pcstackCOMRAM:
    71                           	callstack 0
    72   000001                     ??_main:
    73                           
    74                           ; 1 bytes @ 0x0
    75   000001                     	ds	2
    76                           
    77 ;;
    78 ;;Main: autosize = 0, tempsize = 2, incstack = 0, save=0
    79 ;;
    80 ;; *************** function _main *****************
    81 ;; Defined at:
    82 ;;		line 24 in file "Blink.c"
    83 ;; Parameters:    Size  Location     Type
    84 ;;		None
    85 ;; Auto vars:     Size  Location     Type
    86 ;;		None
    87 ;; Return value:  Size  Location     Type
    88 ;;                  1    wreg      void 
    89 ;; Registers used:
    90 ;;		wreg, status,2
    91 ;; Tracked objects:
    92 ;;		On entry : 0/0
    93 ;;		On exit  : 0/0
    94 ;;		Unchanged: 0/0
    95 ;; Data sizes:     COMRAM   BANK0   BANK1   BANK2   BANK3   BANK4   BANK5   BANK6   BANK7
    96 ;;      Params:         0       0       0       0       0       0       0       0       0
    97 ;;      Locals:         0       0       0       0       0       0       0       0       0
    98 ;;      Temps:          2       0       0       0       0       0       0       0       0
    99 ;;      Totals:         2       0       0       0       0       0       0       0       0
   100 ;;Total ram usage:        2 bytes
   101 ;; This function calls:
   102 ;;		Nothing
   103 ;; This function is called by:
   104 ;;		Startup code after reset
   105 ;; This function uses a non-reentrant model
   106 ;;
   107                           
   108                           	psect	text0
   109   007FB2                     __ptext0:
   110                           	callstack 0
   111   007FB2                     _main:
   112                           	callstack 31
   113   007FB2                     
   114                           ;Blink.c: 26:     ADCON1bits.PCFG0 = 0x0F;
   115   007FB2  80C1               	bsf	193,0,c	;volatile
   116   007FB4                     
   117                           ;Blink.c: 28:     TRISB = 0x00;
   118   007FB4  0E00               	movlw	0
   119   007FB6  6E93               	movwf	147,c	;volatile
   120                           
   121                           ;Blink.c: 32:     LATB = 0x00;
   122   007FB8  0E00               	movlw	0
   123   007FBA  6E8A               	movwf	138,c	;volatile
   124   007FBC                     l698:
   125                           
   126                           ;Blink.c: 35:     {;Blink.c: 36:         LATBbits.LATB0 = 1;
   127   007FBC  808A               	bsf	138,0,c	;volatile
   128   007FBE                     
   129                           ;Blink.c: 37:         LATBbits.LATB1 = 0;
   130   007FBE  928A               	bcf	138,1,c	;volatile
   131   007FC0                     
   132                           ;Blink.c: 38:         LATBbits.LATB2 = 1;
   133   007FC0  848A               	bsf	138,2,c	;volatile
   134   007FC2                     
   135                           ;Blink.c: 40:         _delay((unsigned long)((500)*(48000000/4000.0)));
   136   007FC2  0E1F               	movlw	31
   137   007FC4  6E02               	movwf	(??_main+1)^0,c
   138   007FC6  0E71               	movlw	113
   139   007FC8  6E01               	movwf	??_main^0,c
   140   007FCA  0E1E               	movlw	30
   141   007FCC                     u17:
   142   007FCC  2EE8               	decfsz	wreg,f,c
   143   007FCE  D7FE               	bra	u17
   144   007FD0  2E01               	decfsz	??_main^0,f,c
   145   007FD2  D7FC               	bra	u17
   146   007FD4  2E02               	decfsz	(??_main+1)^0,f,c
   147   007FD6  D7FA               	bra	u17
   148   007FD8  D000               	nop2	
   149   007FDA                     
   150                           ;Blink.c: 42:         LATBbits.LATB0 = 0;
   151   007FDA  908A               	bcf	138,0,c	;volatile
   152   007FDC                     
   153                           ;Blink.c: 43:         LATBbits.LATB1 = 1;
   154   007FDC  828A               	bsf	138,1,c	;volatile
   155   007FDE                     
   156                           ;Blink.c: 44:         LATBbits.LATB2 = 0;
   157   007FDE  948A               	bcf	138,2,c	;volatile
   158   007FE0                     
   159                           ;Blink.c: 46:         _delay((unsigned long)((500)*(48000000/4000.0)));
   160   007FE0  0E1F               	movlw	31
   161   007FE2  6E02               	movwf	(??_main+1)^0,c
   162   007FE4  0E71               	movlw	113
   163   007FE6  6E01               	movwf	??_main^0,c
   164   007FE8  0E1E               	movlw	30
   165   007FEA                     u27:
   166   007FEA  2EE8               	decfsz	wreg,f,c
   167   007FEC  D7FE               	bra	u27
   168   007FEE  2E01               	decfsz	??_main^0,f,c
   169   007FF0  D7FC               	bra	u27
   170   007FF2  2E02               	decfsz	(??_main+1)^0,f,c
   171   007FF4  D7FA               	bra	u27
   172   007FF6  D000               	nop2	
   173   007FF8  EFDE  F03F         	goto	l698
   174   007FFC  EF00  F000         	goto	start
   175   008000                     __end_of_main:
   176                           	callstack 0
   177   000000                     
   178                           	psect	rparam
   179   000000                     
   180                           	psect	idloc
   181                           
   182                           ;Config register IDLOC0 @ 0x200000
   183                           ;	unspecified, using default values
   184   200000                     	org	2097152
   185   200000  FF                 	db	255
   186                           
   187                           ;Config register IDLOC1 @ 0x200001
   188                           ;	unspecified, using default values
   189   200001                     	org	2097153
   190   200001  FF                 	db	255
   191                           
   192                           ;Config register IDLOC2 @ 0x200002
   193                           ;	unspecified, using default values
   194   200002                     	org	2097154
   195   200002  FF                 	db	255
   196                           
   197                           ;Config register IDLOC3 @ 0x200003
   198                           ;	unspecified, using default values
   199   200003                     	org	2097155
   200   200003  FF                 	db	255
   201                           
   202                           ;Config register IDLOC4 @ 0x200004
   203                           ;	unspecified, using default values
   204   200004                     	org	2097156
   205   200004  FF                 	db	255
   206                           
   207                           ;Config register IDLOC5 @ 0x200005
   208                           ;	unspecified, using default values
   209   200005                     	org	2097157
   210   200005  FF                 	db	255
   211                           
   212                           ;Config register IDLOC6 @ 0x200006
   213                           ;	unspecified, using default values
   214   200006                     	org	2097158
   215   200006  FF                 	db	255
   216                           
   217                           ;Config register IDLOC7 @ 0x200007
   218                           ;	unspecified, using default values
   219   200007                     	org	2097159
   220   200007  FF                 	db	255
   221                           
   222                           	psect	config
   223                           
   224                           ;Config register CONFIG1L @ 0x300000
   225                           ;	PLL Prescaler Selection bits
   226                           ;	PLLDIV = 2, Divide by 2 (8 MHz oscillator input)
   227                           ;	System Clock Postscaler Selection bits
   228                           ;	CPUDIV = OSC1_PLL2, [Primary Oscillator Src: /1][96 MHz PLL Src: /2]
   229                           ;	USB Clock Selection bit (used in Full-Speed USB mode only; UCFG:FSEN = 1)
   230                           ;	USBDIV = 1, USB clock source comes directly from the primary oscillator block with no 
      +                          postscale
   231   300000                     	org	3145728
   232   300000  01                 	db	1
   233                           
   234                           ;Config register CONFIG1H @ 0x300001
   235                           ;	Oscillator Selection bits
   236                           ;	FOSC = EC_EC, EC oscillator, CLKO function on RA6 (EC)
   237                           ;	Fail-Safe Clock Monitor Enable bit
   238                           ;	FCMEN = 0x0, unprogrammed default
   239                           ;	Internal/External Oscillator Switchover bit
   240                           ;	IESO = 0x0, unprogrammed default
   241   300001                     	org	3145729
   242   300001  05                 	db	5
   243                           
   244                           ;Config register CONFIG2L @ 0x300002
   245                           ;	Power-up Timer Enable bit
   246                           ;	PWRT = 0x1, unprogrammed default
   247                           ;	Brown-out Reset Enable bits
   248                           ;	BOR = ON, Brown-out Reset enabled in hardware only (SBOREN is disabled)
   249                           ;	Brown-out Reset Voltage bits
   250                           ;	BORV = 3, Minimum setting 2.05V
   251                           ;	USB Voltage Regulator Enable bit
   252                           ;	VREGEN = 0x0, unprogrammed default
   253   300002                     	org	3145730
   254   300002  1F                 	db	31
   255                           
   256                           ;Config register CONFIG2H @ 0x300003
   257                           ;	unspecified, using default values
   258                           ;	Watchdog Timer Enable bit
   259                           ;	WDT = 0x1, unprogrammed default
   260                           ;	Watchdog Timer Postscale Select bits
   261                           ;	WDTPS = 0xF, unprogrammed default
   262   300003                     	org	3145731
   263   300003  1F                 	db	31
   264                           
   265                           ; Padding undefined space
   266   300004                     	org	3145732
   267   300004  FF                 	db	255
   268                           
   269                           ;Config register CONFIG3H @ 0x300005
   270                           ;	CCP2 MUX bit
   271                           ;	CCP2MX = ON, CCP2 input/output is multiplexed with RC1
   272                           ;	PORTB A/D Enable bit
   273                           ;	PBADEN = ON, PORTB<4:0> pins are configured as analog input channels on Reset
   274                           ;	Low-Power Timer 1 Oscillator Enable bit
   275                           ;	LPT1OSC = 0x0, unprogrammed default
   276                           ;	MCLR Pin Enable bit
   277                           ;	MCLRE = ON, MCLR pin enabled; RE3 input pin disabled
   278   300005                     	org	3145733
   279   300005  83                 	db	131
   280                           
   281                           ;Config register CONFIG4L @ 0x300006
   282                           ;	Stack Full/Underflow Reset Enable bit
   283                           ;	STVREN = ON, Stack full/underflow will cause Reset
   284                           ;	Single-Supply ICSP Enable bit
   285                           ;	LVP = ON, Single-Supply ICSP enabled
   286                           ;	Dedicated In-Circuit Debug/Programming Port (ICPORT) Enable bit
   287                           ;	ICPRT = 0x0, unprogrammed default
   288                           ;	Extended Instruction Set Enable bit
   289                           ;	XINST = 0x0, unprogrammed default
   290                           ;	Background Debugger Enable bit
   291                           ;	DEBUG = 0x1, unprogrammed default
   292   300006                     	org	3145734
   293   300006  85                 	db	133
   294                           
   295                           ; Padding undefined space
   296   300007                     	org	3145735
   297   300007  FF                 	db	255
   298                           
   299                           ;Config register CONFIG5L @ 0x300008
   300                           ;	unspecified, using default values
   301                           ;	Code Protection bit
   302                           ;	CP0 = 0x1, unprogrammed default
   303                           ;	Code Protection bit
   304                           ;	CP1 = 0x1, unprogrammed default
   305                           ;	Code Protection bit
   306                           ;	CP2 = 0x1, unprogrammed default
   307                           ;	Code Protection bit
   308                           ;	CP3 = 0x1, unprogrammed default
   309   300008                     	org	3145736
   310   300008  0F                 	db	15
   311                           
   312                           ;Config register CONFIG5H @ 0x300009
   313                           ;	unspecified, using default values
   314                           ;	Boot Block Code Protection bit
   315                           ;	CPB = 0x1, unprogrammed default
   316                           ;	Data EEPROM Code Protection bit
   317                           ;	CPD = 0x1, unprogrammed default
   318   300009                     	org	3145737
   319   300009  C0                 	db	192
   320                           
   321                           ;Config register CONFIG6L @ 0x30000A
   322                           ;	unspecified, using default values
   323                           ;	Write Protection bit
   324                           ;	WRT0 = 0x1, unprogrammed default
   325                           ;	Write Protection bit
   326                           ;	WRT1 = 0x1, unprogrammed default
   327                           ;	Write Protection bit
   328                           ;	WRT2 = 0x1, unprogrammed default
   329                           ;	Write Protection bit
   330                           ;	WRT3 = 0x1, unprogrammed default
   331   30000A                     	org	3145738
   332   30000A  0F                 	db	15
   333                           
   334                           ;Config register CONFIG6H @ 0x30000B
   335                           ;	unspecified, using default values
   336                           ;	Configuration Register Write Protection bit
   337                           ;	WRTC = 0x1, unprogrammed default
   338                           ;	Boot Block Write Protection bit
   339                           ;	WRTB = 0x1, unprogrammed default
   340                           ;	Data EEPROM Write Protection bit
   341                           ;	WRTD = 0x1, unprogrammed default
   342   30000B                     	org	3145739
   343   30000B  E0                 	db	224
   344                           
   345                           ;Config register CONFIG7L @ 0x30000C
   346                           ;	unspecified, using default values
   347                           ;	Table Read Protection bit
   348                           ;	EBTR0 = 0x1, unprogrammed default
   349                           ;	Table Read Protection bit
   350                           ;	EBTR1 = 0x1, unprogrammed default
   351                           ;	Table Read Protection bit
   352                           ;	EBTR2 = 0x1, unprogrammed default
   353                           ;	Table Read Protection bit
   354                           ;	EBTR3 = 0x1, unprogrammed default
   355   30000C                     	org	3145740
   356   30000C  0F                 	db	15
   357                           
   358                           ;Config register CONFIG7H @ 0x30000D
   359                           ;	unspecified, using default values
   360                           ;	Boot Block Table Read Protection bit
   361                           ;	EBTRB = 0x1, unprogrammed default
   362   30000D                     	org	3145741
   363   30000D  40                 	db	64
   364                           tosu	equ	0xFFF
   365                           tosh	equ	0xFFE
   366                           tosl	equ	0xFFD
   367                           stkptr	equ	0xFFC
   368                           pclatu	equ	0xFFB
   369                           pclath	equ	0xFFA
   370                           pcl	equ	0xFF9
   371                           tblptru	equ	0xFF8
   372                           tblptrh	equ	0xFF7
   373                           tblptrl	equ	0xFF6
   374                           tablat	equ	0xFF5
   375                           prodh	equ	0xFF4
   376                           prodl	equ	0xFF3
   377                           indf0	equ	0xFEF
   378                           postinc0	equ	0xFEE
   379                           postdec0	equ	0xFED
   380                           preinc0	equ	0xFEC
   381                           plusw0	equ	0xFEB
   382                           fsr0h	equ	0xFEA
   383                           fsr0l	equ	0xFE9
   384                           wreg	equ	0xFE8
   385                           indf1	equ	0xFE7
   386                           postinc1	equ	0xFE6
   387                           postdec1	equ	0xFE5
   388                           preinc1	equ	0xFE4
   389                           plusw1	equ	0xFE3
   390                           fsr1h	equ	0xFE2
   391                           fsr1l	equ	0xFE1
   392                           bsr	equ	0xFE0
   393                           indf2	equ	0xFDF
   394                           postinc2	equ	0xFDE
   395                           postdec2	equ	0xFDD
   396                           preinc2	equ	0xFDC
   397                           plusw2	equ	0xFDB
   398                           fsr2h	equ	0xFDA
   399                           fsr2l	equ	0xFD9
   400                           status	equ	0xFD8

Data Sizes:
    Strings     0
    Constant    0
    Data        0
    BSS         0
    Persistent  0
    Stack       0

Auto Spaces:
    Space          Size  Autos    Used
    COMRAM           95      2       2
    BANK0           160      0       0
    BANK1           256      0       0
    BANK2           256      0       0
    BANK3           256      0       0
    BANK4           256      0       0
    BANK5           256      0       0
    BANK6           256      0       0
    BANK7           256      0       0

Pointer List with Targets:

    None.

Critical Paths under _main in COMRAM

    None.

Critical Paths under _main in BANK0

    None.

Critical Paths under _main in BANK1

    None.

Critical Paths under _main in BANK2

    None.

Critical Paths under _main in BANK3

    None.

Critical Paths under _main in BANK4

    None.

Critical Paths under _main in BANK5

    None.

Critical Paths under _main in BANK6

    None.

Critical Paths under _main in BANK7

    None.

Call Graph Tables:

 ---------------------------------------------------------------------------------
 (Depth) Function   	        Calls       Base Space   Used Autos Params    Refs
 ---------------------------------------------------------------------------------
 (0) _main                                                 2     2      0       0
                                              0 COMRAM     2     2      0
 ---------------------------------------------------------------------------------
 Estimated maximum stack depth 0
 ---------------------------------------------------------------------------------

 Call Graph Graphs:

 _main (ROOT)

 Address spaces:
Name               Size   Autos  Total    Cost      Usage
BITCOMRAM           5F      0       0       0        0.0%
EEDATA             100      0       0       0        0.0%
NULL                 0      0       0       0        0.0%
CODE                 0      0       0       0        0.0%
COMRAM              5F      2       2       1        2.1%
STACK                0      0       0       2        0.0%
DATA                 0      0       0       3        0.0%
BITBANK0            A0      0       0       4        0.0%
BANK0               A0      0       0       5        0.0%
BITBANK1           100      0       0       6        0.0%
BANK1              100      0       0       7        0.0%
BITBANK2           100      0       0       8        0.0%
BANK2              100      0       0       9        0.0%
BITBANK3           100      0       0      10        0.0%
BANK3              100      0       0      11        0.0%
BITBANK4           100      0       0      12        0.0%
BANK4              100      0       0      13        0.0%
BITBANK5           100      0       0      14        0.0%
BANK5              100      0       0      15        0.0%
BITBANK6           100      0       0      16        0.0%
BANK6              100      0       0      17        0.0%
BITBANK7           100      0       0      18        0.0%
BANK7              100      0       0      19        0.0%
BITBIGSFRh          3E      0       0      20        0.0%
BITBIGSFRlh         2D      0       0      21        0.0%
BITBIGSFRllh         8      0       0      22        0.0%
BITBIGSFRlll        2A      0       0      23        0.0%
ABS                  0      0       0      24        0.0%
BIGRAM             7FF      0       0      25        0.0%
BIGSFR               0      0       0     200        0.0%
BITSFR               0      0       0     200        0.0%
SFR                  0      0       0     200        0.0%


Microchip Technology PIC18 Macro Assembler V2.40 build 20220703182018 
Symbol Table                                                                                   Sun Aug 28 00:23:48 2022

                     u17 7FCC                       u27 7FEA                      l700 7FBE  
                    l710 7FDE                      l702 7FC0                      l712 7FE0  
                    l704 7FC2                      l706 7FDA                      l708 7FDC  
                    l694 7FB2                      l696 7FB4                      l698 7FBC  
                    wreg 000FE8                     _LATB 000F8A                     _main 7FB2  
                   start 0000             ___param_bank 000000                    ?_main 0001  
                  _TRISB 000F93          __initialization 7FAC             __end_of_main 8000  
                 ??_main 0001            __activetblptr 000000                   isa$std 000001  
             __accesstop 0060  __end_of__initialization 7FAC            ___rparam_used 000001  
         __pcstackCOMRAM 0001                  __Hparam 0000                  __Lparam 0000  
                __pcinit 7FAC                  __ramtop 0800                  __ptext0 7FB2  
   end_of_initialization 7FAC      start_initialization 7FAC                 _LATBbits 000F8A  
             _ADCON1bits 000FC1                 __Hrparam 0000                 __Lrparam 0000  
               isa$xinst 000000  
